2021-09-21 07:50:21.228 [main] WARN  org.mybatis.spring.mapper.ClassPathMapperScanner - No MyBatis mapper was found in '[com.ding.dingitems]' package. Please check your configuration.
2021-09-21 07:50:21.712 [main] WARN  io.undertow.websockets.jsr - UT026010: Buffer pool was not set on WebSocketDeploymentInfo, the default pool will be used
2021-09-21 07:50:21.869 [main] WARN  o.s.b.w.s.c.AnnotationConfigServletWebServerApplicationContext - Exception encountered during context initialization - cancelling refresh attempt: org.springframework.beans.factory.UnsatisfiedDependencyException: Error creating bean with name 'ddUserController': Unsatisfied dependency expressed through field 'ddUserService'; nested exception is org.springframework.beans.factory.UnsatisfiedDependencyException: Error creating bean with name 'ddUserServiceImpl': Unsatisfied dependency expressed through field 'baseMapper'; nested exception is org.springframework.beans.factory.NoSuchBeanDefinitionException: No qualifying bean of type 'com.ding.dingitems.meeting.mapper.DdUserMapper' available: expected at least 1 bean which qualifies as autowire candidate. Dependency annotations: {@org.springframework.beans.factory.annotation.Autowired(required=true)}
2021-09-21 07:54:24.818 [main] WARN  io.undertow.websockets.jsr - UT026010: Buffer pool was not set on WebSocketDeploymentInfo, the default pool will be used
2021-09-21 07:54:26.859 [main] WARN  c.b.mybatisplus.core.metadata.TableInfoHelper - Can not find table primary key in Class: "com.ding.dingitems.meeting.entity.DdUser".
2021-09-21 08:01:06.047 [main] WARN  io.undertow.websockets.jsr - UT026010: Buffer pool was not set on WebSocketDeploymentInfo, the default pool will be used
2021-09-21 08:01:08.104 [main] WARN  c.b.mybatisplus.core.metadata.TableInfoHelper - Can not find table primary key in Class: "com.ding.dingitems.meeting.entity.DdUser".
2021-09-21 08:43:10.627 [main] WARN  io.undertow.websockets.jsr - UT026010: Buffer pool was not set on WebSocketDeploymentInfo, the default pool will be used
2021-09-21 08:43:12.606 [main] WARN  c.b.mybatisplus.core.metadata.TableInfoHelper - Can not find table primary key in Class: "com.ding.dingitems.meeting.entity.DdUser".
2021-09-21 08:52:47.370 [main] WARN  io.undertow.websockets.jsr - UT026010: Buffer pool was not set on WebSocketDeploymentInfo, the default pool will be used
2021-09-21 08:52:49.407 [main] WARN  c.b.mybatisplus.core.metadata.TableInfoHelper - Can not find table primary key in Class: "com.ding.dingitems.meeting.entity.DdUser".
2021-09-21 09:01:46.141 [main] WARN  io.undertow.websockets.jsr - UT026010: Buffer pool was not set on WebSocketDeploymentInfo, the default pool will be used
2021-09-21 09:01:47.901 [main] WARN  c.b.mybatisplus.core.metadata.TableInfoHelper - Can not find table primary key in Class: "com.ding.dingitems.meeting.entity.DdUser".
2021-09-21 09:08:04.070 [main] WARN  io.undertow.websockets.jsr - UT026010: Buffer pool was not set on WebSocketDeploymentInfo, the default pool will be used
2021-09-21 09:08:05.825 [main] WARN  c.b.mybatisplus.core.metadata.TableInfoHelper - Can not find table primary key in Class: "com.ding.dingitems.meeting.entity.DdUser".
2021-09-21 09:09:22.747 [main] WARN  io.undertow.websockets.jsr - UT026010: Buffer pool was not set on WebSocketDeploymentInfo, the default pool will be used
2021-09-21 09:09:24.740 [main] WARN  c.b.mybatisplus.core.metadata.TableInfoHelper - Can not find table primary key in Class: "com.ding.dingitems.meeting.entity.DdUser".
2021-09-21 09:17:36.892 [main] WARN  org.mybatis.spring.mapper.ClassPathMapperScanner - Skipping MapperFactoryBean with name 'ddUserMapper' and 'com.ding.dingitems.meeting.mapper.DdUserMapper' mapperInterface. Bean already defined with the same name!
2021-09-21 09:17:37.138 [main] WARN  io.undertow.websockets.jsr - UT026010: Buffer pool was not set on WebSocketDeploymentInfo, the default pool will be used
2021-09-21 09:17:38.949 [main] WARN  c.b.mybatisplus.core.metadata.TableInfoHelper - Can not find table primary key in Class: "com.ding.dingitems.meeting.entity.DdUser".
2021-09-21 09:23:24.248 [main] WARN  org.mybatis.spring.mapper.ClassPathMapperScanner - Skipping MapperFactoryBean with name 'ddUserMapper' and 'com.ding.dingitems.meeting.mapper.DdUserMapper' mapperInterface. Bean already defined with the same name!
2021-09-21 09:23:24.525 [main] WARN  io.undertow.websockets.jsr - UT026010: Buffer pool was not set on WebSocketDeploymentInfo, the default pool will be used
2021-09-21 09:23:26.562 [main] WARN  c.b.mybatisplus.core.metadata.TableInfoHelper - Can not find table primary key in Class: "com.ding.dingitems.meeting.entity.DdUser".
2021-09-21 09:24:05.644 [main] WARN  org.mybatis.spring.mapper.ClassPathMapperScanner - Skipping MapperFactoryBean with name 'ddUserMapper' and 'com.ding.dingitems.meeting.mapper.DdUserMapper' mapperInterface. Bean already defined with the same name!
2021-09-21 09:24:05.899 [main] WARN  io.undertow.websockets.jsr - UT026010: Buffer pool was not set on WebSocketDeploymentInfo, the default pool will be used
2021-09-21 09:27:08.651 [main] WARN  org.mybatis.spring.mapper.ClassPathMapperScanner - Skipping MapperFactoryBean with name 'ddUserMapper' and 'com.ding.dingitems.meeting.mapper.DdUserMapper' mapperInterface. Bean already defined with the same name!
2021-09-21 09:27:08.904 [main] WARN  io.undertow.websockets.jsr - UT026010: Buffer pool was not set on WebSocketDeploymentInfo, the default pool will be used
2021-09-21 09:34:29.563 [main] WARN  org.mybatis.spring.mapper.ClassPathMapperScanner - Skipping MapperFactoryBean with name 'ddUserMapper' and 'com.ding.dingitems.meeting.mapper.DdUserMapper' mapperInterface. Bean already defined with the same name!
2021-09-21 09:34:29.808 [main] WARN  io.undertow.websockets.jsr - UT026010: Buffer pool was not set on WebSocketDeploymentInfo, the default pool will be used
2021-09-21 09:40:43.397 [main] WARN  org.mybatis.spring.mapper.ClassPathMapperScanner - Skipping MapperFactoryBean with name 'ddUserMapper' and 'com.ding.dingitems.meeting.mapper.DdUserMapper' mapperInterface. Bean already defined with the same name!
2021-09-21 09:40:43.641 [main] WARN  io.undertow.websockets.jsr - UT026010: Buffer pool was not set on WebSocketDeploymentInfo, the default pool will be used
2021-09-21 09:44:51.379 [main] WARN  org.mybatis.spring.mapper.ClassPathMapperScanner - Skipping MapperFactoryBean with name 'ddUserMapper' and 'com.ding.dingitems.meeting.mapper.DdUserMapper' mapperInterface. Bean already defined with the same name!
2021-09-21 09:44:51.647 [main] WARN  io.undertow.websockets.jsr - UT026010: Buffer pool was not set on WebSocketDeploymentInfo, the default pool will be used
2021-09-21 09:46:14.606 [main] WARN  org.mybatis.spring.mapper.ClassPathMapperScanner - Skipping MapperFactoryBean with name 'ddUserMapper' and 'com.ding.dingitems.meeting.mapper.DdUserMapper' mapperInterface. Bean already defined with the same name!
2021-09-21 09:46:14.859 [main] WARN  io.undertow.websockets.jsr - UT026010: Buffer pool was not set on WebSocketDeploymentInfo, the default pool will be used
2021-09-21 09:48:55.620 [main] WARN  org.mybatis.spring.mapper.ClassPathMapperScanner - Skipping MapperFactoryBean with name 'ddUserMapper' and 'com.ding.dingitems.meeting.mapper.DdUserMapper' mapperInterface. Bean already defined with the same name!
2021-09-21 09:48:55.866 [main] WARN  io.undertow.websockets.jsr - UT026010: Buffer pool was not set on WebSocketDeploymentInfo, the default pool will be used
2021-09-21 09:49:21.192 [main] WARN  org.mybatis.spring.mapper.ClassPathMapperScanner - Skipping MapperFactoryBean with name 'ddUserMapper' and 'com.ding.dingitems.meeting.mapper.DdUserMapper' mapperInterface. Bean already defined with the same name!
2021-09-21 09:49:21.435 [main] WARN  io.undertow.websockets.jsr - UT026010: Buffer pool was not set on WebSocketDeploymentInfo, the default pool will be used
2021-09-21 09:51:21.442 [main] WARN  org.mybatis.spring.mapper.ClassPathMapperScanner - Skipping MapperFactoryBean with name 'ddUserMapper' and 'com.ding.dingitems.meeting.mapper.DdUserMapper' mapperInterface. Bean already defined with the same name!
2021-09-21 09:51:21.689 [main] WARN  io.undertow.websockets.jsr - UT026010: Buffer pool was not set on WebSocketDeploymentInfo, the default pool will be used
2021-09-21 09:52:34.346 [main] WARN  org.mybatis.spring.mapper.ClassPathMapperScanner - Skipping MapperFactoryBean with name 'ddUserMapper' and 'com.ding.dingitems.meeting.mapper.DdUserMapper' mapperInterface. Bean already defined with the same name!
2021-09-21 09:52:34.594 [main] WARN  io.undertow.websockets.jsr - UT026010: Buffer pool was not set on WebSocketDeploymentInfo, the default pool will be used
2021-09-21 09:54:09.160 [main] WARN  org.mybatis.spring.mapper.ClassPathMapperScanner - Skipping MapperFactoryBean with name 'ddUserMapper' and 'com.ding.dingitems.meeting.mapper.DdUserMapper' mapperInterface. Bean already defined with the same name!
2021-09-21 09:54:09.407 [main] WARN  io.undertow.websockets.jsr - UT026010: Buffer pool was not set on WebSocketDeploymentInfo, the default pool will be used
2021-09-21 09:55:30.490 [main] WARN  org.mybatis.spring.mapper.ClassPathMapperScanner - Skipping MapperFactoryBean with name 'ddUserMapper' and 'com.ding.dingitems.meeting.mapper.DdUserMapper' mapperInterface. Bean already defined with the same name!
2021-09-21 09:55:30.742 [main] WARN  io.undertow.websockets.jsr - UT026010: Buffer pool was not set on WebSocketDeploymentInfo, the default pool will be used
2021-09-21 09:56:54.291 [main] WARN  org.mybatis.spring.mapper.ClassPathMapperScanner - Skipping MapperFactoryBean with name 'ddUserMapper' and 'com.ding.dingitems.meeting.mapper.DdUserMapper' mapperInterface. Bean already defined with the same name!
2021-09-21 09:56:54.540 [main] WARN  io.undertow.websockets.jsr - UT026010: Buffer pool was not set on WebSocketDeploymentInfo, the default pool will be used
2021-09-21 09:57:14.954 [main] WARN  org.mybatis.spring.mapper.ClassPathMapperScanner - Skipping MapperFactoryBean with name 'ddUserMapper' and 'com.ding.dingitems.meeting.mapper.DdUserMapper' mapperInterface. Bean already defined with the same name!
2021-09-21 09:57:15.200 [main] WARN  io.undertow.websockets.jsr - UT026010: Buffer pool was not set on WebSocketDeploymentInfo, the default pool will be used
2021-09-21 09:58:42.782 [main] WARN  org.mybatis.spring.mapper.ClassPathMapperScanner - Skipping MapperFactoryBean with name 'ddUserMapper' and 'com.ding.dingitems.meeting.mapper.DdUserMapper' mapperInterface. Bean already defined with the same name!
2021-09-21 09:58:43.028 [main] WARN  io.undertow.websockets.jsr - UT026010: Buffer pool was not set on WebSocketDeploymentInfo, the default pool will be used
2021-09-21 10:18:18.573 [main] WARN  org.mybatis.spring.mapper.ClassPathMapperScanner - Skipping MapperFactoryBean with name 'ddUserMapper' and 'com.ding.dingitems.meeting.mapper.DdUserMapper' mapperInterface. Bean already defined with the same name!
2021-09-21 10:18:18.784 [main] WARN  io.undertow.websockets.jsr - UT026010: Buffer pool was not set on WebSocketDeploymentInfo, the default pool will be used
2021-09-21 10:21:55.711 [main] WARN  org.mybatis.spring.mapper.ClassPathMapperScanner - Skipping MapperFactoryBean with name 'ddUserMapper' and 'com.ding.dingitems.meeting.mapper.DdUserMapper' mapperInterface. Bean already defined with the same name!
2021-09-21 10:21:55.959 [main] WARN  io.undertow.websockets.jsr - UT026010: Buffer pool was not set on WebSocketDeploymentInfo, the default pool will be used
2021-09-21 13:21:37.815 [main] WARN  io.undertow.websockets.jsr - UT026010: Buffer pool was not set on WebSocketDeploymentInfo, the default pool will be used
2021-09-21 13:23:58.354 [main] WARN  org.mybatis.spring.mapper.ClassPathMapperScanner - No MyBatis mapper was found in '[com.ding.dingitems]' package. Please check your configuration.
2021-09-21 13:23:58.608 [main] WARN  io.undertow.websockets.jsr - UT026010: Buffer pool was not set on WebSocketDeploymentInfo, the default pool will be used
2021-09-21 13:23:59.241 [main] WARN  o.s.b.w.s.c.AnnotationConfigServletWebServerApplicationContext - Exception encountered during context initialization - cancelling refresh attempt: org.springframework.beans.factory.BeanCreationException: Error creating bean with name 'sqlSessionFactory' defined in class path resource [com/baomidou/mybatisplus/autoconfigure/MybatisPlusAutoConfiguration.class]: Bean instantiation via factory method failed; nested exception is org.springframework.beans.BeanInstantiationException: Failed to instantiate [org.apache.ibatis.session.SqlSessionFactory]: Factory method 'sqlSessionFactory' threw exception; nested exception is org.springframework.core.NestedIOException: Failed to parse mapping resource: 'file [G:\idea\items\dingitems\target\classes\mapper\DdUserMapper.xml]'; nested exception is org.apache.ibatis.builder.BuilderException: Error parsing Mapper XML. The XML location is 'file [G:\idea\items\dingitems\target\classes\mapper\DdUserMapper.xml]'. Cause: org.apache.ibatis.builder.BuilderException: Error resolving class. Cause: org.apache.ibatis.type.TypeException: Could not resolve type alias 'com.ding.dingitems.meeting.entity.DdUser'.  Cause: java.lang.ClassNotFoundException: Cannot find class: com.ding.dingitems.meeting.entity.DdUser
2021-09-21 13:25:10.103 [main] WARN  org.mybatis.spring.mapper.ClassPathMapperScanner - No MyBatis mapper was found in '[com.ding.dingitems]' package. Please check your configuration.
2021-09-21 13:25:10.346 [main] WARN  io.undertow.websockets.jsr - UT026010: Buffer pool was not set on WebSocketDeploymentInfo, the default pool will be used
2021-09-21 13:25:10.804 [main] WARN  o.s.b.w.s.c.AnnotationConfigServletWebServerApplicationContext - Exception encountered during context initialization - cancelling refresh attempt: org.springframework.beans.factory.BeanCreationException: Error creating bean with name 'sqlSessionFactory' defined in class path resource [com/baomidou/mybatisplus/autoconfigure/MybatisPlusAutoConfiguration.class]: Bean instantiation via factory method failed; nested exception is org.springframework.beans.BeanInstantiationException: Failed to instantiate [org.apache.ibatis.session.SqlSessionFactory]: Factory method 'sqlSessionFactory' threw exception; nested exception is org.springframework.core.NestedIOException: Failed to parse mapping resource: 'file [G:\idea\items\dingitems\target\classes\mapper\DdUserMapper.xml]'; nested exception is org.apache.ibatis.builder.BuilderException: Error creating document instance.  Cause: org.xml.sax.SAXParseException; lineNumber: 36; columnNumber: 1; 文件提前结束。
2021-09-21 13:25:56.644 [main] WARN  org.mybatis.spring.mapper.ClassPathMapperScanner - No MyBatis mapper was found in '[com.ding.dingitems]' package. Please check your configuration.
2021-09-21 13:25:56.888 [main] WARN  io.undertow.websockets.jsr - UT026010: Buffer pool was not set on WebSocketDeploymentInfo, the default pool will be used
2021-09-21 13:25:57.333 [main] WARN  o.s.b.w.s.c.AnnotationConfigServletWebServerApplicationContext - Exception encountered during context initialization - cancelling refresh attempt: org.springframework.beans.factory.BeanCreationException: Error creating bean with name 'sqlSessionFactory' defined in class path resource [com/baomidou/mybatisplus/autoconfigure/MybatisPlusAutoConfiguration.class]: Bean instantiation via factory method failed; nested exception is org.springframework.beans.BeanInstantiationException: Failed to instantiate [org.apache.ibatis.session.SqlSessionFactory]: Factory method 'sqlSessionFactory' threw exception; nested exception is org.springframework.core.NestedIOException: Failed to parse mapping resource: 'file [G:\idea\items\dingitems\target\classes\mapper\DdUserMapper.xml]'; nested exception is org.apache.ibatis.builder.BuilderException: Error creating document instance.  Cause: org.xml.sax.SAXParseException; lineNumber: 36; columnNumber: 1; 文件提前结束。
2021-09-21 13:28:29.822 [main] WARN  org.mybatis.spring.mapper.ClassPathMapperScanner - No MyBatis mapper was found in '[com.ding.dingitems]' package. Please check your configuration.
2021-09-21 13:28:30.063 [main] WARN  io.undertow.websockets.jsr - UT026010: Buffer pool was not set on WebSocketDeploymentInfo, the default pool will be used
2021-09-21 13:28:30.145 [main] WARN  o.s.b.w.s.c.AnnotationConfigServletWebServerApplicationContext - Exception encountered during context initialization - cancelling refresh attempt: org.springframework.beans.factory.UnsatisfiedDependencyException: Error creating bean with name 'ddUserServiceImpl': Unsatisfied dependency expressed through field 'baseMapper'; nested exception is org.springframework.beans.factory.NoSuchBeanDefinitionException: No qualifying bean of type 'com.ding.dingitems.meeting.mapper.DdUserMapper' available: expected at least 1 bean which qualifies as autowire candidate. Dependency annotations: {@org.springframework.beans.factory.annotation.Autowired(required=true)}
2021-09-21 13:29:53.116 [main] WARN  org.mybatis.spring.mapper.ClassPathMapperScanner - Skipping MapperFactoryBean with name 'ddUserMapper' and 'com.ding.dingitems.meeting.mapper.DdUserMapper' mapperInterface. Bean already defined with the same name!
2021-09-21 13:29:53.364 [main] WARN  io.undertow.websockets.jsr - UT026010: Buffer pool was not set on WebSocketDeploymentInfo, the default pool will be used
2021-09-21 13:31:51.469 [main] WARN  org.mybatis.spring.mapper.ClassPathMapperScanner - Skipping MapperFactoryBean with name 'ddUserMapper' and 'com.ding.dingitems.meeting.mapper.DdUserMapper' mapperInterface. Bean already defined with the same name!
2021-09-21 13:31:51.719 [main] WARN  io.undertow.websockets.jsr - UT026010: Buffer pool was not set on WebSocketDeploymentInfo, the default pool will be used
2021-09-21 13:33:24.251 [main] WARN  org.mybatis.spring.mapper.ClassPathMapperScanner - Skipping MapperFactoryBean with name 'ddUserMapper' and 'com.ding.dingitems.meeting.mapper.DdUserMapper' mapperInterface. Bean already defined with the same name!
2021-09-21 13:33:24.518 [main] WARN  io.undertow.websockets.jsr - UT026010: Buffer pool was not set on WebSocketDeploymentInfo, the default pool will be used
2021-09-21 13:34:13.744 [main] WARN  org.mybatis.spring.mapper.ClassPathMapperScanner - Skipping MapperFactoryBean with name 'ddUserMapper' and 'com.ding.dingitems.meeting.mapper.DdUserMapper' mapperInterface. Bean already defined with the same name!
2021-09-21 13:34:14.010 [main] WARN  io.undertow.websockets.jsr - UT026010: Buffer pool was not set on WebSocketDeploymentInfo, the default pool will be used
2021-09-21 13:43:26.589 [main] WARN  io.undertow.websockets.jsr - UT026010: Buffer pool was not set on WebSocketDeploymentInfo, the default pool will be used
2021-09-21 13:44:13.316 [main] WARN  io.undertow.websockets.jsr - UT026010: Buffer pool was not set on WebSocketDeploymentInfo, the default pool will be used
2021-09-21 15:02:51.730 [main] WARN  io.undertow.websockets.jsr - UT026010: Buffer pool was not set on WebSocketDeploymentInfo, the default pool will be used
2021-09-21 20:12:25.843 [main] WARN  io.undertow.websockets.jsr - UT026010: Buffer pool was not set on WebSocketDeploymentInfo, the default pool will be used
2021-09-21 20:21:33.421 [main] WARN  io.undertow.websockets.jsr - UT026010: Buffer pool was not set on WebSocketDeploymentInfo, the default pool will be used
2021-09-21 20:23:03.684 [main] WARN  io.undertow.websockets.jsr - UT026010: Buffer pool was not set on WebSocketDeploymentInfo, the default pool will be used
2021-09-21 20:39:43.573 [main] WARN  io.undertow.websockets.jsr - UT026010: Buffer pool was not set on WebSocketDeploymentInfo, the default pool will be used
